Drill report for SparkFun_RTK_Postcard.kicad_pcb
Created on 2024-11-09T13:40:29-0700

Copper Layer Stackup:
    =============================================================
    L1 :  F.Cu                      front
    L2 :  GND                       in1
    L3 :  3V3                       in2
    L4 :  B.Cu                      back


Drill file 'SparkFun_RTK_Postcard.drl' contains
    plated through holes:
    =============================================================
    T1  0.300mm  0.0118"  (218 holes)
    T2  0.600mm  0.0236"  (4 holes)  (with 4 slots)
    T3  1.016mm  0.0400"  (19 holes)

    Total plated holes count 241


Not plated through holes are merged with plated holes
    unplated through holes:
    =============================================================
    T4  0.650mm  0.0256"  (2 holes)
    T5  3.100mm  0.1220"  (4 holes)

    Total unplated holes count 6
