2025-01-02 13:45:21,852 - cammer_logger - INFO - Running CAMmer
2025-01-02 13:45:21,852 - cammer_logger - INFO - ['-l', 'F.Cu,In1.Cu,In2.Cu,B.Cu,F.Paste,B.Paste,F.Silkscreen,B.Silkscreen,F.Mask,B.Mask', '-e', 'Edge.Cuts,User.Comments']
2025-01-02 13:45:21,853 - cammer_logger - INFO - CAMMER START: 2025-01-02T13:45:21.853280
2025-01-02 13:45:23,562 - cammer_logger - INFO - 
START: 2025-01-02T13:45:21.853280
Deleting existing C:\Users\nathan.seidle\Dropbox\Projects\SparkFun_RTK_Postcard\Hardware\Production\SparkFun_RTK_Postcard_panelized.GTL
Renaming C:\Users\nathan.seidle\Dropbox\Projects\SparkFun_RTK_Postcard\Hardware\Production\SparkFun_RTK_Postcard_panelized-F_Cu.gbr to C:\Users\nathan.seidle\Dropbox\Projects\SparkFun_RTK_Postcard\Hardware\Production\SparkFun_RTK_Postcard_panelized.GTL
Deleting existing C:\Users\nathan.seidle\Dropbox\Projects\SparkFun_RTK_Postcard\Hardware\Production\SparkFun_RTK_Postcard_panelized.GL2
Renaming C:\Users\nathan.seidle\Dropbox\Projects\SparkFun_RTK_Postcard\Hardware\Production\SparkFun_RTK_Postcard_panelized-In1_Cu.gbr to C:\Users\nathan.seidle\Dropbox\Projects\SparkFun_RTK_Postcard\Hardware\Production\SparkFun_RTK_Postcard_panelized.GL2
Deleting existing C:\Users\nathan.seidle\Dropbox\Projects\SparkFun_RTK_Postcard\Hardware\Production\SparkFun_RTK_Postcard_panelized.GL3
Renaming C:\Users\nathan.seidle\Dropbox\Projects\SparkFun_RTK_Postcard\Hardware\Production\SparkFun_RTK_Postcard_panelized-In2_Cu.gbr to C:\Users\nathan.seidle\Dropbox\Projects\SparkFun_RTK_Postcard\Hardware\Production\SparkFun_RTK_Postcard_panelized.GL3
Deleting existing C:\Users\nathan.seidle\Dropbox\Projects\SparkFun_RTK_Postcard\Hardware\Production\SparkFun_RTK_Postcard_panelized.GBL
Renaming C:\Users\nathan.seidle\Dropbox\Projects\SparkFun_RTK_Postcard\Hardware\Production\SparkFun_RTK_Postcard_panelized-B_Cu.gbr to C:\Users\nathan.seidle\Dropbox\Projects\SparkFun_RTK_Postcard\Hardware\Production\SparkFun_RTK_Postcard_panelized.GBL
Deleting existing C:\Users\nathan.seidle\Dropbox\Projects\SparkFun_RTK_Postcard\Hardware\Production\SparkFun_RTK_Postcard_panelized.GTP
Renaming C:\Users\nathan.seidle\Dropbox\Projects\SparkFun_RTK_Postcard\Hardware\Production\SparkFun_RTK_Postcard_panelized-F_Paste.gbr to C:\Users\nathan.seidle\Dropbox\Projects\SparkFun_RTK_Postcard\Hardware\Production\SparkFun_RTK_Postcard_panelized.GTP
Deleting existing C:\Users\nathan.seidle\Dropbox\Projects\SparkFun_RTK_Postcard\Hardware\Production\SparkFun_RTK_Postcard_panelized.GBP
Renaming C:\Users\nathan.seidle\Dropbox\Projects\SparkFun_RTK_Postcard\Hardware\Production\SparkFun_RTK_Postcard_panelized-B_Paste.gbr to C:\Users\nathan.seidle\Dropbox\Projects\SparkFun_RTK_Postcard\Hardware\Production\SparkFun_RTK_Postcard_panelized.GBP
Deleting existing C:\Users\nathan.seidle\Dropbox\Projects\SparkFun_RTK_Postcard\Hardware\Production\SparkFun_RTK_Postcard_panelized.GTO
Renaming C:\Users\nathan.seidle\Dropbox\Projects\SparkFun_RTK_Postcard\Hardware\Production\SparkFun_RTK_Postcard_panelized-F_Silkscreen.gbr to C:\Users\nathan.seidle\Dropbox\Projects\SparkFun_RTK_Postcard\Hardware\Production\SparkFun_RTK_Postcard_panelized.GTO
Deleting existing C:\Users\nathan.seidle\Dropbox\Projects\SparkFun_RTK_Postcard\Hardware\Production\SparkFun_RTK_Postcard_panelized.GBO
Renaming C:\Users\nathan.seidle\Dropbox\Projects\SparkFun_RTK_Postcard\Hardware\Production\SparkFun_RTK_Postcard_panelized-B_Silkscreen.gbr to C:\Users\nathan.seidle\Dropbox\Projects\SparkFun_RTK_Postcard\Hardware\Production\SparkFun_RTK_Postcard_panelized.GBO
Deleting existing C:\Users\nathan.seidle\Dropbox\Projects\SparkFun_RTK_Postcard\Hardware\Production\SparkFun_RTK_Postcard_panelized.GTS
Renaming C:\Users\nathan.seidle\Dropbox\Projects\SparkFun_RTK_Postcard\Hardware\Production\SparkFun_RTK_Postcard_panelized-F_Mask.gbr to C:\Users\nathan.seidle\Dropbox\Projects\SparkFun_RTK_Postcard\Hardware\Production\SparkFun_RTK_Postcard_panelized.GTS
Deleting existing C:\Users\nathan.seidle\Dropbox\Projects\SparkFun_RTK_Postcard\Hardware\Production\SparkFun_RTK_Postcard_panelized.GBS
Renaming C:\Users\nathan.seidle\Dropbox\Projects\SparkFun_RTK_Postcard\Hardware\Production\SparkFun_RTK_Postcard_panelized-B_Mask.gbr to C:\Users\nathan.seidle\Dropbox\Projects\SparkFun_RTK_Postcard\Hardware\Production\SparkFun_RTK_Postcard_panelized.GBS
Deleting existing C:\Users\nathan.seidle\Dropbox\Projects\SparkFun_RTK_Postcard\Hardware\Production\SparkFun_RTK_Postcard_panelized.GKO
Renaming C:\Users\nathan.seidle\Dropbox\Projects\SparkFun_RTK_Postcard\Hardware\Production\SparkFun_RTK_Postcard_panelized-Edge_Cuts.gbr to C:\Users\nathan.seidle\Dropbox\Projects\SparkFun_RTK_Postcard\Hardware\Production\SparkFun_RTK_Postcard_panelized.GKO
Drill report: C:\Users\nathan.seidle\Dropbox\Projects\SparkFun_RTK_Postcard\Hardware\Production\drill_report.rpt

2025-01-02 13:45:24,608 - cammer_logger - INFO - CAMmer complete
