Drill report for SparkFun_RTK_Postcard_panelized.kicad_pcb
Created on 2025-01-02T13:45:23-0700

Copper Layer Stackup:
    =============================================================
    L1 :  F.Cu                      front
    L2 :  GND                       in1
    L3 :  3V3                       in2
    L4 :  B.Cu                      back


Drill file 'SparkFun_RTK_Postcard_panelized.drl' contains
    plated through holes:
    =============================================================
    T1  0.300mm  0.0118"  (1800 holes)
    T2  0.600mm  0.0236"  (32 holes)  (with 32 slots)
    T3  1.016mm  0.0400"  (152 holes)

    Total plated holes count 1984


Not plated through holes are merged with plated holes
    unplated through holes:
    =============================================================
    T4  0.650mm  0.0256"  (16 holes)
    T5  3.100mm  0.1220"  (32 holes)

    Total unplated holes count 48
